[2025-06-05T19:26:30.569Z] 📥 Mensagem recebida de whatsapp:+556185107678: oi
[2025-06-05T19:26:30.985Z] 🔵 Menu apresentado para whatsapp:+556185107678
[2025-06-05T19:27:03.909Z] 📥 Mensagem recebida de whatsapp:+556185107678: oi
[2025-06-05T19:27:04.219Z] 🔴 Opção inválida enviada por whatsapp:+556185107678: oi
[2025-06-05T19:38:46.851Z] 📥 Mensagem recebida de whatsapp:+556185107678: oi
[2025-06-05T19:38:47.236Z] 🔵 Menu apresentado para whatsapp:+556185107678
[2025-06-05T19:39:05.101Z] 📥 Mensagem recebida de whatsapp:+556185107678: oi
[2025-06-05T19:39:05.353Z] 🔴 Opção inválida enviada por whatsapp:+556185107678: oi
[2025-06-05T19:39:37.369Z] 📥 Mensagem recebida de whatsapp:+556185107678: ...
[2025-06-05T19:39:37.664Z] 🔴 Opção inválida enviada por whatsapp:+556185107678: ...
[2025-06-05T19:40:17.935Z] 📥 Mensagem recebida de whatsapp:+556185107678: oi
[2025-06-05T19:40:18.253Z] 🔴 Opção inválida enviada por whatsapp:+556185107678: oi
[2025-06-05T19:49:44.141Z] 📥 Mensagem recebida de whatsapp:+556193350226: ola
[2025-06-05T19:49:44.457Z] 🔵 Menu apresentado para whatsapp:+556193350226
[2025-06-05T19:50:58.726Z] 📥 Mensagem recebida de whatsapp:+556199991931: Update solicitacaoservico set id = 1
[2025-06-05T19:50:59.043Z] 🔵 Menu apresentado para whatsapp:+556199991931
[2025-06-05T19:51:32.717Z] 📥 Mensagem recebida de whatsapp:+556193350226: the of de king de power
[2025-06-05T19:51:33.010Z] 🔴 Opção inválida enviada por whatsapp:+556193350226: the of de king de power
[2025-06-05T19:51:50.503Z] 📥 Mensagem recebida de whatsapp:+556193350226: of the king the power the best,
[2025-06-05T19:51:50.739Z] 🔴 Opção inválida enviada por whatsapp:+556193350226: of the king the power the best,
[2025-06-05T19:54:15.916Z] 📥 Mensagem recebida de whatsapp:+556185107678: oi
[2025-06-05T19:54:16.215Z] 🔴 Opção inválida enviada por whatsapp:+556185107678: oi
[2025-06-05T19:54:23.952Z] 📥 Mensagem recebida de whatsapp:+556185107678: 1
[2025-06-05T19:54:27.148Z] 🔸 Resultado identificação (whatsapp:+556185107678): false
[2025-06-05T19:54:50.376Z] 📥 Mensagem recebida de whatsapp:+556185107678: Matheus Dourado Viana
[2025-06-05T19:54:51.474Z] 🔸 Resultado identificação (whatsapp:+556185107678): false
[2025-06-05T19:55:14.283Z] 📥 Mensagem recebida de whatsapp:+556185107678: teste
[2025-06-05T19:55:15.325Z] 🔸 Resultado identificação (whatsapp:+556185107678): ENCERRAR
[2025-06-05T19:55:15.326Z] ⚪️ Sessão encerrada por não identificação (whatsapp:+556185107678)
[2025-06-05T19:55:25.619Z] 📥 Mensagem recebida de whatsapp:+556185107678: Matheus.viana
[2025-06-05T19:55:25.851Z] 🔵 Menu apresentado para whatsapp:+556185107678
